Failed to build the whole program. The entrance package or its dependencies have error. type_err
Now trying to build unchecked packages separately...
Failed to build the whole program. The entrance package or its dependencies have error. type_err
Now trying to build unchecked packages separately...
Fail. Package NO. 0 : github.com/nicolasdilley/projects/k3s-io--k3s  Num of Lock & <-: 14967  error: type_err
	Successfully built sub-Package NO. 0 :	 github.com/nicolasdilley/projects/k3s-io--k3s/vendor/github.com/GoogleCloudPlatform/k8s-cloud-provider/pkg/cloud  Num of Lock & <-: 308
	Successfully built sub-Package NO. 1 :	 github.com/nicolasdilley/projects/k3s-io--k3s/vendor/github.com/GoogleCloudPlatform/k8s-cloud-provider/pkg/cloud/mock  Num of Lock & <-: 9
Fail. Package NO. 1 : github.com/nicolasdilley/projects/hashicorp--vault  Num of Lock & <-: 9228  error: type_err
	Successfully built sub-Package NO. 0 :	 github.com/nicolasdilley/projects/hashicorp--vault/vendor/github.com/aliyun/alibaba-cloud-sdk-go/services/ram  Num of Lock & <-: 462
Fail. Package NO. 2 : github.com/nicolasdilley/projects/dgraph-io--dgraph  Num of Lock & <-: 8238  error: type_err
	Successfully built sub-Package NO. 0 :	 github.com/nicolasdilley/projects/dgraph-io--dgraph/worker  Num of Lock & <-: 154
Fail. Package NO. 3 : github.com/nicolasdilley/projects/kubernetes--kops  Num of Lock & <-: 8036  error: type_err
	Successfully built sub-Package NO. 0 :	 github.com/nicolasdilley/projects/kubernetes--kops/vendor/github.com/aliyun/alibaba-cloud-sdk-go/services/slb  Num of Lock & <-: 588
	Successfully built sub-Package NO. 1 :	 github.com/nicolasdilley/projects/kubernetes--kops/upup/models  Num of Lock & <-: 3
Fail. Package NO. 4 : github.com/nicolasdilley/projects/hashicorp--consul  Num of Lock & <-: 7419  error: type_err
	Successfully built sub-Package NO. 0 :	 github.com/nicolasdilley/projects/hashicorp--consul/vendor/github.com/hashicorp/raft  Num of Lock & <-: 251
	Successfully built sub-Package NO. 1 :	 github.com/nicolasdilley/projects/hashicorp--consul/vendor/github.com/hashicorp/raft-autopilot  Num of Lock & <-: 16
	Successfully built sub-Package NO. 2 :	 github.com/nicolasdilley/projects/hashicorp--consul/vendor/golang.org/x/oauth2  Num of Lock & <-: 8
	Successfully built sub-Package NO. 3 :	 github.com/nicolasdilley/projects/hashicorp--consul/vendor/github.com/google/go-cmp/cmp  Num of Lock & <-: 7
	Successfully built sub-Package NO. 4 :	 github.com/nicolasdilley/projects/hashicorp--consul/vendor/github.com/hashicorp/serf/coordinate  Num of Lock & <-: 4
	Successfully built sub-Package NO. 5 :	 github.com/nicolasdilley/projects/hashicorp--consul/vendor/github.com/hashicorp/go-immutable-radix  Num of Lock & <-: 4
	Successfully built sub-Package NO. 6 :	 github.com/nicolasdilley/projects/hashicorp--consul/vendor/gopkg.in/square/go-jose.v2  Num of Lock & <-: 3
	Successfully built sub-Package NO. 7 :	 github.com/nicolasdilley/projects/hashicorp--consul/vendor/k8s.io/client-go/util/connrotation  Num of Lock & <-: 3
	Successfully built sub-Package NO. 8 :	 github.com/nicolasdilley/projects/hashicorp--consul/vendor/github.com/Azure/go-autorest/logger  Num of Lock & <-: 3
	Successfully built sub-Package NO. 9 :	 github.com/nicolasdilley/projects/hashicorp--consul/vendor/k8s.io/client-go/plugin/pkg/client/auth/gcp  Num of Lock & <-: 3
	Successfully built sub-Package NO. 10 :	 github.com/nicolasdilley/projects/hashicorp--consul/vendor/k8s.io/client-go/plugin/pkg/client/auth/azure  Num of Lock & <-: 3
	Successfully built sub-Package NO. 11 :	 github.com/nicolasdilley/projects/hashicorp--consul/vendor/github.com/hashicorp/go-connlimit  Num of Lock & <-: 3
	Successfully built sub-Package NO. 12 :	 github.com/nicolasdilley/projects/hashicorp--consul/vendor/github.com/hashicorp/go-msgpack/codec  Num of Lock & <-: 3
	Successfully built sub-Package NO. 13 :	 github.com/nicolasdilley/projects/hashicorp--consul/vendor/github.com/hashicorp/go-syslog  Num of Lock & <-: 3
	Successfully built sub-Package NO. 14 :	 github.com/nicolasdilley/projects/hashicorp--consul/vendor/gopkg.in/square/go-jose.v2/json  Num of Lock & <-: 3
	Successfully built sub-Package NO. 15 :	 github.com/nicolasdilley/projects/hashicorp--consul/vendor/golang.org/x/tools/go/internal/gcimporter  Num of Lock & <-: 3
	Successfully built sub-Package NO. 16 :	 github.com/nicolasdilley/projects/hashicorp--consul/vendor/golang.org/x/oauth2/internal  Num of Lock & <-: 3
	Successfully built sub-Package NO. 17 :	 github.com/nicolasdilley/projects/hashicorp--consul/command/watch  Num of Lock & <-: 3
	Successfully built sub-Package NO. 18 :	 github.com/nicolasdilley/projects/hashicorp--consul/vendor/github.com/vmware/govmomi/task  Num of Lock & <-: 3
	Successfully built sub-Package NO. 19 :	 github.com/nicolasdilley/projects/hashicorp--consul/vendor/github.com/vmware/govmomi/vim25/soap  Num of Lock & <-: 3
	Successfully built sub-Package NO. 20 :	 github.com/nicolasdilley/projects/hashicorp--consul/vendor/go.opencensus.io/metric/metricproducer  Num of Lock & <-: 3
	Successfully built sub-Package NO. 21 :	 github.com/nicolasdilley/projects/hashicorp--consul/vendor/k8s.io/client-go/transport  Num of Lock & <-: 3
	Successfully built sub-Package NO. 22 :	 github.com/nicolasdilley/projects/hashicorp--consul/vendor/github.com/vmware/govmomi/object  Num of Lock & <-: 2
	Successfully built sub-Package NO. 23 :	 github.com/nicolasdilley/projects/hashicorp--consul/vendor/golang.org/x/net/proxy  Num of Lock & <-: 2
	Successfully built sub-Package NO. 24 :	 github.com/nicolasdilley/projects/hashicorp--consul/vendor/golang.org/x/oauth2/google  Num of Lock & <-: 2
	Successfully built sub-Package NO. 25 :	 github.com/nicolasdilley/projects/hashicorp--consul/vendor/github.com/tv42/httpunix  Num of Lock & <-: 2
	Successfully built sub-Package NO. 26 :	 github.com/nicolasdilley/projects/hashicorp--consul/vendor/github.com/shirou/gopsutil/v3/cpu  Num of Lock & <-: 2
	Successfully built sub-Package NO. 27 :	 github.com/nicolasdilley/projects/hashicorp--consul/vendor/github.com/sean-/seed  Num of Lock & <-: 2
	Successfully built sub-Package NO. 28 :	 github.com/nicolasdilley/projects/hashicorp--consul/vendor/github.com/nicolai86/scaleway-sdk  Num of Lock & <-: 2
	Successfully built sub-Package NO. 29 :	 github.com/nicolasdilley/projects/hashicorp--consul/vendor/github.com/mitchellh/go-homedir  Num of Lock & <-: 2
	Successfully built sub-Package NO. 30 :	 github.com/nicolasdilley/projects/hashicorp--consul/vendor/github.com/hashicorp/vic/pkg/vsphere/tags  Num of Lock & <-: 2
	Successfully built sub-Package NO. 31 :	 github.com/nicolasdilley/projects/hashicorp--consul/vendor/google.golang.org/api/internal  Num of Lock & <-: 2
	Successfully built sub-Package NO. 32 :	 github.com/nicolasdilley/projects/hashicorp--consul/vendor/github.com/hashicorp/net-rpc-msgpackrpc  Num of Lock & <-: 2
	Successfully built sub-Package NO. 33 :	 github.com/nicolasdilley/projects/hashicorp--consul/vendor/k8s.io/apimachinery/pkg/api/meta  Num of Lock & <-: 2
	Successfully built sub-Package NO. 34 :	 github.com/nicolasdilley/projects/hashicorp--consul/vendor/k8s.io/apimachinery/pkg/runtime  Num of Lock & <-: 2
	Successfully built sub-Package NO. 35 :	 github.com/nicolasdilley/projects/hashicorp--consul/vendor/github.com/aws/aws-sdk-go/internal/sdkrand  Num of Lock & <-: 2
	Successfully built sub-Package NO. 36 :	 github.com/nicolasdilley/projects/hashicorp--consul/vendor/github.com/hashicorp/go-multierror  Num of Lock & <-: 2
	Successfully built sub-Package NO. 37 :	 github.com/nicolasdilley/projects/hashicorp--consul/vendor/k8s.io/apimachinery/pkg/util/errors  Num of Lock & <-: 2
	Successfully built sub-Package NO. 38 :	 github.com/nicolasdilley/projects/hashicorp--consul/vendor/github.com/hashicorp/go-checkpoint  Num of Lock & <-: 2
	Successfully built sub-Package NO. 39 :	 github.com/nicolasdilley/projects/hashicorp--consul/vendor/k8s.io/client-go/plugin/pkg/client/auth/oidc  Num of Lock & <-: 2
	Successfully built sub-Package NO. 40 :	 github.com/nicolasdilley/projects/hashicorp--consul/vendor/golang.org/x/net/ipv4  Num of Lock & <-: 2
	Successfully built sub-Package NO. 41 :	 github.com/nicolasdilley/projects/hashicorp--consul/vendor/github.com/google/go-cmp/cmp/internal/value  Num of Lock & <-: 2
	Successfully built sub-Package NO. 42 :	 github.com/nicolasdilley/projects/hashicorp--consul/vendor/k8s.io/client-go/rest  Num of Lock & <-: 2
	Successfully built sub-Package NO. 43 :	 github.com/nicolasdilley/projects/hashicorp--consul/vendor/github.com/google/btree  Num of Lock & <-: 2
	Successfully built sub-Package NO. 44 :	 github.com/nicolasdilley/projects/hashicorp--consul/vendor/github.com/bgentry/speakeasy  Num of Lock & <-: 2
	Successfully built sub-Package NO. 45 :	 github.com/nicolasdilley/projects/hashicorp--consul/vendor/github.com/googleapis/gax-go/v2  Num of Lock & <-: 2
	Successfully built sub-Package NO. 46 :	 github.com/nicolasdilley/projects/hashicorp--consul/vendor/github.com/hashicorp/go-retryablehttp  Num of Lock & <-: 2
	Successfully built sub-Package NO. 47 :	 github.com/nicolasdilley/projects/hashicorp--consul/vendor/k8s.io/client-go/tools/clientcmd  Num of Lock & <-: 1
	Successfully built sub-Package NO. 48 :	 github.com/nicolasdilley/projects/hashicorp--consul/vendor/k8s.io/client-go/plugin/pkg/client/auth/openstack  Num of Lock & <-: 1
	Successfully built sub-Package NO. 49 :	 github.com/nicolasdilley/projects/hashicorp--consul/vendor/k8s.io/client-go/discovery  Num of Lock & <-: 1
	Successfully built sub-Package NO. 50 :	 github.com/nicolasdilley/projects/hashicorp--consul/vendor/k8s.io/apimachinery/pkg/util/runtime  Num of Lock & <-: 1
	Successfully built sub-Package NO. 51 :	 github.com/nicolasdilley/projects/hashicorp--consul/vendor/gopkg.in/yaml.v3  Num of Lock & <-: 1
	Successfully built sub-Package NO. 52 :	 github.com/nicolasdilley/projects/hashicorp--consul/vendor/gopkg.in/yaml.v2  Num of Lock & <-: 1
	Successfully built sub-Package NO. 53 :	 github.com/nicolasdilley/projects/hashicorp--consul/vendor/golang.org/x/net/ipv6  Num of Lock & <-: 1
	Successfully built sub-Package NO. 54 :	 github.com/nicolasdilley/projects/hashicorp--consul/vendor/github.com/vmware/govmomi/vim25/xml  Num of Lock & <-: 1
	Successfully built sub-Package NO. 55 :	 github.com/nicolasdilley/projects/hashicorp--consul/vendor/github.com/vmware/govmomi/vim25/mo  Num of Lock & <-: 1
	Successfully built sub-Package NO. 56 :	 github.com/nicolasdilley/projects/hashicorp--consul/vendor/github.com/softlayer/softlayer-go/session  Num of Lock & <-: 1
	Successfully built sub-Package NO. 57 :	 github.com/nicolasdilley/projects/hashicorp--consul/vendor/github.com/shirou/gopsutil/v3/process  Num of Lock & <-: 1
	Successfully built sub-Package NO. 58 :	 github.com/nicolasdilley/projects/hashicorp--consul/vendor/github.com/mitchellh/copystructure  Num of Lock & <-: 1
	Successfully built sub-Package NO. 59 :	 github.com/nicolasdilley/projects/hashicorp--consul/vendor/github.com/hashicorp/hil/parser  Num of Lock & <-: 1
	Successfully built sub-Package NO. 60 :	 github.com/nicolasdilley/projects/hashicorp--consul/vendor/github.com/hashicorp/hcl/hcl/token  Num of Lock & <-: 1
	Successfully built sub-Package NO. 61 :	 github.com/nicolasdilley/projects/hashicorp--consul/vendor/github.com/google/go-cmp/cmp/internal/diff  Num of Lock & <-: 1
	Successfully built sub-Package NO. 62 :	 github.com/nicolasdilley/projects/hashicorp--consul/vendor/github.com/go-ole/go-ole  Num of Lock & <-: 1
	Successfully built sub-Package NO. 63 :	 github.com/nicolasdilley/projects/hashicorp--consul/vendor/github.com/fatih/color  Num of Lock & <-: 1
	Successfully built sub-Package NO. 64 :	 github.com/nicolasdilley/projects/hashicorp--consul/vendor/github.com/dgrijalva/jwt-go  Num of Lock & <-: 1
	Successfully built sub-Package NO. 65 :	 github.com/nicolasdilley/projects/hashicorp--consul/vendor/github.com/NYTimes/gziphandler  Num of Lock & <-: 1
	Successfully built sub-Package NO. 66 :	 github.com/nicolasdilley/projects/hashicorp--consul/command/rtt  Num of Lock & <-: 1
	Successfully built sub-Package NO. 67 :	 github.com/nicolasdilley/projects/hashicorp--consul/command/login  Num of Lock & <-: 1
	Successfully built sub-Package NO. 68 :	 github.com/nicolasdilley/projects/hashicorp--consul/vendor/sigs.k8s.io/yaml  Num of Lock & <-: 1
	Successfully built sub-Package NO. 69 :	 github.com/nicolasdilley/projects/hashicorp--consul/vendor/github.com/hashicorp/hcl  Num of Lock & <-: 1
Fail. Package NO. 5 : github.com/nicolasdilley/gomela  Num of Lock & <-: 7251  error: type_err
-: go: finding module for package github.com/nicolasdilley/gomela-ase21
go: found github.com/nicolasdilley/gomela-ase21 in github.com/nicolasdilley/gomela-ase21 v0.0.0-20210709101759-00b12a0b2d4a
go: finding module for package github.com/nicolasdilley/ToolX/promela/promela_ast
go: finding module for package github.com/nicolasdilley/ToolX/promela
go build github.com/nicolasdilley/ToolX/promela: no Go files in 
go build github.com/nicolasdilley/ToolX/promela/promela_ast: no Go files in 
	Failed to build sub-Package NO. 0 :	 github.com/nicolasdilley/gomela-ase21  Num of Lock & <-: 7257
	Successfully built sub-Package NO. 1 :	 github.com/nicolasdilley/gomela1  Num of Lock & <-: 6820
	Successfully built sub-Package NO. 2 :	 github.com/nicolasdilley/gomela/examples  Num of Lock & <-: 29
	Successfully built sub-Package NO. 3 :	 github.com/nicolasdilley/gomela-ase21/examples  Num of Lock & <-: 29
	Successfully built sub-Package NO. 4 :	 github.com/nicolasdilley/gomela-ase21/benchmarks/blocking/serving/2137  Num of Lock & <-: 28
	Successfully built sub-Package NO. 5 :	 github.com/nicolasdilley/gomela-ase21/benchmarks/blocking/etcd/7492  Num of Lock & <-: 24
	Successfully built sub-Package NO. 6 :	 github.com/nicolasdilley/gomela/testmodels/etcd/7492  Num of Lock & <-: 24
	Successfully built sub-Package NO. 7 :	 github.com/nicolasdilley/gomela/stats  Num of Lock & <-: 22
----------Bug[1]----------
	Type: BMOC 	Reason: One or multiple channel operation is blocked.
-----Blocking at:
	File: /Users/nicolasdilley/go/pkg/mod/golang.org/x/tools@v0.1.1/go/packages/packages.go:1015
-----Blocking Path NO. 0
Locker_op :/Users/nicolasdilley/go/pkg/mod/golang.org/x/tools@v0.1.1/go/packages/packages.go:1010:22	 '✓'
If :/Users/nicolasdilley/go/pkg/mod/golang.org/x/tools@v0.1.1/go/packages/packages.go:1012:5	 '✓'
Locker_op :/Users/nicolasdilley/go/pkg/mod/golang.org/x/tools@v0.1.1/go/packages/packages.go:1014:25	 '✓'
Chan_op :/Users/nicolasdilley/go/pkg/mod/golang.org/x/tools@v0.1.1/go/packages/packages.go:1015:3	 Blocking
Jump :/Users/nicolasdilley/go/pkg/mod/golang.org/x/tools@v0.1.1/go/packages/packages.go:1015:3	 '✗'
Return :/Users/nicolasdilley/go/pkg/mod/golang.org/x/tools@v0.1.1/go/packages/packages.go:1042:2	 '✗'

	Successfully built sub-Package NO. 8 :	 github.com/nicolasdilley/gomela-ase21/stats  Num of Lock & <-: 22
	Successfully built sub-Package NO. 9 :	 github.com/nicolasdilley/gomela-ase21/benchmarks/blocking/kubernetes/13135  Num of Lock & <-: 22
	Successfully built sub-Package NO. 10 :	 github.com/nicolasdilley/gomela/testmodels/kubernetes/13135  Num of Lock & <-: 22
	Successfully built sub-Package NO. 11 :	 github.com/nicolasdilley/gomela/benchmarks/concsys  Num of Lock & <-: 21
	Successfully built sub-Package NO. 12 :	 github.com/nicolasdilley/gomela/testmodels/serving/2137  Num of Lock & <-: 20
	Successfully built sub-Package NO. 13 :	 github.com/nicolasdilley/gomela/testmodels/grpc/1353  Num of Lock & <-: 19
	Successfully built sub-Package NO. 14 :	 github.com/nicolasdilley/gomela/testmodels/moby/21233  Num of Lock & <-: 19
	Successfully built sub-Package NO. 15 :	 github.com/nicolasdilley/gomela-ase21/benchmarks/blocking/grpc/1353  Num of Lock & <-: 19
	Successfully built sub-Package NO. 16 :	 github.com/nicolasdilley/gomela-ase21/benchmarks/blocking/etcd/7902  Num of Lock & <-: 19
	Successfully built sub-Package NO. 17 :	 github.com/nicolasdilley/gomela-ase21/benchmarks/blocking/moby/21233  Num of Lock & <-: 19
	Successfully built sub-Package NO. 18 :	 github.com/nicolasdilley/gomela/testmodels/etcd/7902  Num of Lock & <-: 19
	Successfully built sub-Package NO. 19 :	 github.com/nicolasdilley/gomela/testmodels/etcd/6857  Num of Lock & <-: 16
	Successfully built sub-Package NO. 20 :	 github.com/nicolasdilley/gomela-ase21/benchmarks/blocking/etcd/6857  Num of Lock & <-: 16
	Successfully built sub-Package NO. 21 :	 github.com/nicolasdilley/gomela/testmodels/moby/33781  Num of Lock & <-: 16
	Successfully built sub-Package NO. 22 :	 github.com/nicolasdilley/gomela-ase21/benchmarks/blocking/moby/33781  Num of Lock & <-: 16
	Successfully built sub-Package NO. 23 :	 github.com/nicolasdilley/gomela-ase21/benchmarks/blocking/kubernetes/10182  Num of Lock & <-: 16
	Successfully built sub-Package NO. 24 :	 github.com/nicolasdilley/gomela/testmodels/kubernetes/10182  Num of Lock & <-: 16
	Successfully built sub-Package NO. 25 :	 github.com/nicolasdilley/gomela/testmodels/grpc/1460  Num of Lock & <-: 15
	Successfully built sub-Package NO. 26 :	 github.com/nicolasdilley/gomela-ase21/benchmarks/blocking/kubernetes/6632  Num of Lock & <-: 15
	Successfully built sub-Package NO. 27 :	 github.com/nicolasdilley/gomela-ase21/benchmarks/blocking/kubernetes/11298  Num of Lock & <-: 15
	Successfully built sub-Package NO. 28 :	 github.com/nicolasdilley/gomela-ase21/benchmarks/blocking/grpc/1460  Num of Lock & <-: 15
	Successfully built sub-Package NO. 29 :	 github.com/nicolasdilley/gomela-ase21/benchmarks/blocking/cockroach/2448  Num of Lock & <-: 15
Failed to build the whole program. The entrance package or its dependencies have error. type_err
Now trying to build unchecked packages separately...
